[25-Feb-2018 03:14:20 UTC] PHP Fatal error:  Uncaught Error: Class 'ApiCaller' not found in /vagrant/src/client/mvcr/controller/api_cont.php:45
Stack trace:
#0 /vagrant/src/client/public/index.php(83): include_once()
#1 {main}
  thrown in /vagrant/src/client/mvcr/controller/api_cont.php on line 45
[25-Feb-2018 03:14:44 UTC] PHP Fatal error:  Uncaught Error: Class 'ApiCaller' not found in /vagrant/src/client/mvcr/controller/api_cont.php:45
Stack trace:
#0 /vagrant/src/client/public/index.php(83): include_once()
#1 {main}
  thrown in /vagrant/src/client/mvcr/controller/api_cont.php on line 45
[25-Feb-2018 03:21:19 UTC] PHP Fatal error:  Uncaught Error: Class 'ApiCaller' not found in /vagrant/src/client/mvcr/controller/api_cont.php:45
Stack trace:
#0 /vagrant/src/client/public/index.php(81): include_once()
#1 {main}
  thrown in /vagrant/src/client/mvcr/controller/api_cont.php on line 45
[25-Feb-2018 03:23:21 UTC] PHP Fatal error:  Uncaught Error: Class 'ApiCaller' not found in /vagrant/src/client/mvcr/controller/api_cont.php:45
Stack trace:
#0 /vagrant/src/client/public/index.php(81): include_once()
#1 {main}
  thrown in /vagrant/src/client/mvcr/controller/api_cont.php on line 45
[25-Feb-2018 03:24:02 UTC] PHP Fatal error:  Uncaught Error: Class 'ApiCaller' not found in /vagrant/src/client/mvcr/controller/api_cont.php:45
Stack trace:
#0 /vagrant/src/client/public/index.php(81): include_once()
#1 {main}
  thrown in /vagrant/src/client/mvcr/controller/api_cont.php on line 45
[25-Feb-2018 03:24:24 UTC] PHP Fatal error:  Uncaught Error: Class 'ApiCaller' not found in /vagrant/src/client/mvcr/controller/api_cont.php:45
Stack trace:
#0 /vagrant/src/client/public/index.php(81): include_once()
#1 {main}
  thrown in /vagrant/src/client/mvcr/controller/api_cont.php on line 45
[25-Feb-2018 03:25:29 UTC] PHP Fatal error:  Uncaught Error: Class 'ApiCaller' not found in /vagrant/src/client/mvcr/controller/api_cont.php:45
Stack trace:
#0 /vagrant/src/client/public/index.php(81): include_once()
#1 {main}
  thrown in /vagrant/src/client/mvcr/controller/api_cont.php on line 45
[25-Feb-2018 03:25:54 UTC] PHP Fatal error:  Uncaught Error: Class 'ApiCaller' not found in /vagrant/src/client/mvcr/controller/api_cont.php:45
Stack trace:
#0 /vagrant/src/client/public/index.php(81): include_once()
#1 {main}
  thrown in /vagrant/src/client/mvcr/controller/api_cont.php on line 45
[25-Feb-2018 03:27:21 UTC] PHP Fatal error:  Uncaught Error: Class 'ApiCaller' not found in /vagrant/src/client/mvcr/controller/api_cont.php:45
Stack trace:
#0 /vagrant/src/client/public/index.php(81): include_once()
#1 {main}
  thrown in /vagrant/src/client/mvcr/controller/api_cont.php on line 45
[25-Feb-2018 03:28:25 UTC] PHP Fatal error:  Uncaught Error: Class 'ApiCaller' not found in /vagrant/src/client/mvcr/controller/api_cont.php:46
Stack trace:
#0 /vagrant/src/client/public/index.php(81): include_once()
#1 {main}
  thrown in /vagrant/src/client/mvcr/controller/api_cont.php on line 46
[25-Feb-2018 03:29:08 UTC] PHP Fatal error:  Uncaught Error: Class 'ApiCaller' not found in /vagrant/src/client/mvcr/controller/api_cont.php:47
Stack trace:
#0 /vagrant/src/client/public/index.php(81): include_once()
#1 {main}
  thrown in /vagrant/src/client/mvcr/controller/api_cont.php on line 47
[25-Feb-2018 03:29:39 UTC] PHP Fatal error:  Uncaught Error: Class 'ApiCaller' not found in /vagrant/src/client/mvcr/controller/api_cont.php:47
Stack trace:
#0 /vagrant/src/client/public/index.php(81): include_once()
#1 {main}
  thrown in /vagrant/src/client/mvcr/controller/api_cont.php on line 47
[25-Feb-2018 03:29:49 UTC] PHP Fatal error:  Uncaught Error: Class 'ApiCaller' not found in /vagrant/src/client/mvcr/controller/api_cont.php:47
Stack trace:
#0 /vagrant/src/client/public/index.php(81): include_once()
#1 {main}
  thrown in /vagrant/src/client/mvcr/controller/api_cont.php on line 47
[25-Feb-2018 03:30:36 UTC] PHP Fatal error:  Uncaught Error: Class 'mvcr\service\ApiCaller' not found in /vagrant/src/client/mvcr/controller/api_cont.php:47
Stack trace:
#0 /vagrant/src/client/public/index.php(81): include_once()
#1 {main}
  thrown in /vagrant/src/client/mvcr/controller/api_cont.php on line 47
[25-Feb-2018 03:31:14 UTC] PHP Fatal error:  Uncaught Error: Class 'mvcr\service\ApiCaller' not found in /vagrant/src/client/mvcr/controller/api_cont.php:47
Stack trace:
#0 /vagrant/src/client/public/index.php(81): include_once()
#1 {main}
  thrown in /vagrant/src/client/mvcr/controller/api_cont.php on line 47
[25-Feb-2018 03:31:49 UTC] PHP Fatal error:  Uncaught Error: Class 'mvcr\service\ApiCaller' not found in /vagrant/src/client/mvcr/controller/api_cont.php:48
Stack trace:
#0 /vagrant/src/client/public/index.php(81): include_once()
#1 {main}
  thrown in /vagrant/src/client/mvcr/controller/api_cont.php on line 48
[26-Feb-2018 10:54:26 UTC] PHP Warning:  include_once(/vagrant/src/client/public): failed to open stream: No such file or directory in /vagrant/src/client/public/index.php on line 99
[26-Feb-2018 10:54:26 UTC] PHP Warning:  include_once(/vagrant/src/client/public): failed to open stream: No such file or directory in /vagrant/src/client/public/index.php on line 99
[26-Feb-2018 10:54:26 UTC] PHP Warning:  include_once(): Failed opening '' for inclusion (include_path='.:/usr/share/php') in /vagrant/src/client/public/index.php on line 99
[26-Feb-2018 10:54:26 UTC] PHP Warning:  include_once(): Failed opening '' for inclusion (include_path='.:/usr/share/php') in /vagrant/src/client/public/index.php on line 99
[26-Feb-2018 10:54:26 UTC] PHP Warning:  include_once(/vagrant/src/client/public): failed to open stream: No such file or directory in /vagrant/src/client/public/index.php on line 99
[26-Feb-2018 10:54:26 UTC] PHP Warning:  include_once(): Failed opening '' for inclusion (include_path='.:/usr/share/php') in /vagrant/src/client/public/index.php on line 99
[26-Feb-2018 10:54:26 UTC] PHP Warning:  include_once(/vagrant/src/client/public): failed to open stream: No such file or directory in /vagrant/src/client/public/index.php on line 99
[26-Feb-2018 10:54:26 UTC] PHP Warning:  include_once(/vagrant/src/client/public): failed to open stream: No such file or directory in /vagrant/src/client/public/index.php on line 99
[26-Feb-2018 10:54:26 UTC] PHP Warning:  include_once(/vagrant/src/client/public): failed to open stream: No such file or directory in /vagrant/src/client/public/index.php on line 99
[26-Feb-2018 10:54:26 UTC] PHP Warning:  include_once(): Failed opening '' for inclusion (include_path='.:/usr/share/php') in /vagrant/src/client/public/index.php on line 99
[26-Feb-2018 10:54:26 UTC] PHP Warning:  include_once(): Failed opening '' for inclusion (include_path='.:/usr/share/php') in /vagrant/src/client/public/index.php on line 99
[26-Feb-2018 10:54:26 UTC] PHP Warning:  include_once(): Failed opening '' for inclusion (include_path='.:/usr/share/php') in /vagrant/src/client/public/index.php on line 99
[26-Feb-2018 10:54:26 UTC] PHP Warning:  include_once(/vagrant/src/client/public): failed to open stream: No such file or directory in /vagrant/src/client/public/index.php on line 99
[26-Feb-2018 10:54:26 UTC] PHP Warning:  include_once(/vagrant/src/client/public): failed to open stream: No such file or directory in /vagrant/src/client/public/index.php on line 99
[26-Feb-2018 10:54:26 UTC] PHP Warning:  include_once(): Failed opening '' for inclusion (include_path='.:/usr/share/php') in /vagrant/src/client/public/index.php on line 99
[26-Feb-2018 10:54:26 UTC] PHP Warning:  include_once(): Failed opening '' for inclusion (include_path='.:/usr/share/php') in /vagrant/src/client/public/index.php on line 99
[26-Feb-2018 10:54:26 UTC] PHP Warning:  include_once(/vagrant/src/client/public): failed to open stream: No such file or directory in /vagrant/src/client/public/index.php on line 99
[26-Feb-2018 10:54:26 UTC] PHP Warning:  include_once(): Failed opening '' for inclusion (include_path='.:/usr/share/php') in /vagrant/src/client/public/index.php on line 99
[26-Feb-2018 10:54:26 UTC] PHP Warning:  include_once(/vagrant/src/client/public): failed to open stream: No such file or directory in /vagrant/src/client/public/index.php on line 99
[26-Feb-2018 10:54:26 UTC] PHP Warning:  include_once(/vagrant/src/client/public): failed to open stream: No such file or directory in /vagrant/src/client/public/index.php on line 99
[26-Feb-2018 10:54:26 UTC] PHP Warning:  include_once(): Failed opening '' for inclusion (include_path='.:/usr/share/php') in /vagrant/src/client/public/index.php on line 99
[26-Feb-2018 10:54:26 UTC] PHP Warning:  include_once(): Failed opening '' for inclusion (include_path='.:/usr/share/php') in /vagrant/src/client/public/index.php on line 99
[26-Feb-2018 10:54:26 UTC] PHP Warning:  include_once(/vagrant/src/client/public): failed to open stream: No such file or directory in /vagrant/src/client/public/index.php on line 99
[26-Feb-2018 10:54:26 UTC] PHP Warning:  include_once(): Failed opening '' for inclusion (include_path='.:/usr/share/php') in /vagrant/src/client/public/index.php on line 99
[26-Feb-2018 10:54:26 UTC] PHP Warning:  include_once(/vagrant/src/client/public): failed to open stream: No such file or directory in /vagrant/src/client/public/index.php on line 99
[26-Feb-2018 10:54:26 UTC] PHP Warning:  include_once(): Failed opening '' for inclusion (include_path='.:/usr/share/php') in /vagrant/src/client/public/index.php on line 99
[26-Feb-2018 10:54:26 UTC] PHP Warning:  include_once(/vagrant/src/client/public): failed to open stream: No such file or directory in /vagrant/src/client/public/index.php on line 99
[26-Feb-2018 10:54:26 UTC] PHP Warning:  include_once(): Failed opening '' for inclusion (include_path='.:/usr/share/php') in /vagrant/src/client/public/index.php on line 99
[26-Feb-2018 10:54:26 UTC] PHP Warning:  include_once(/vagrant/src/client/public): failed to open stream: No such file or directory in /vagrant/src/client/public/index.php on line 99
[26-Feb-2018 10:54:26 UTC] PHP Warning:  include_once(): Failed opening '' for inclusion (include_path='.:/usr/share/php') in /vagrant/src/client/public/index.php on line 99
[26-Feb-2018 10:54:26 UTC] PHP Warning:  include_once(/vagrant/src/client/public): failed to open stream: No such file or directory in /vagrant/src/client/public/index.php on line 99
[26-Feb-2018 10:54:26 UTC] PHP Warning:  include_once(): Failed opening '' for inclusion (include_path='.:/usr/share/php') in /vagrant/src/client/public/index.php on line 99
[26-Feb-2018 10:54:26 UTC] PHP Warning:  include_once(/vagrant/src/client/public): failed to open stream: No such file or directory in /vagrant/src/client/public/index.php on line 99
[26-Feb-2018 10:54:26 UTC] PHP Warning:  include_once(/vagrant/src/client/public): failed to open stream: No such file or directory in /vagrant/src/client/public/index.php on line 99
[26-Feb-2018 10:54:26 UTC] PHP Warning:  include_once(): Failed opening '' for inclusion (include_path='.:/usr/share/php') in /vagrant/src/client/public/index.php on line 99
[26-Feb-2018 10:54:26 UTC] PHP Warning:  include_once(): Failed opening '' for inclusion (include_path='.:/usr/share/php') in /vagrant/src/client/public/index.php on line 99
[26-Feb-2018 10:54:26 UTC] PHP Warning:  include_once(/vagrant/src/client/public): failed to open stream: No such file or directory in /vagrant/src/client/public/index.php on line 99
[26-Feb-2018 10:54:26 UTC] PHP Warning:  include_once(): Failed opening '' for inclusion (include_path='.:/usr/share/php') in /vagrant/src/client/public/index.php on line 99
[26-Feb-2018 10:54:26 UTC] PHP Warning:  include_once(/vagrant/src/client/public): failed to open stream: No such file or directory in /vagrant/src/client/public/index.php on line 99
[26-Feb-2018 10:54:26 UTC] PHP Warning:  include_once(): Failed opening '' for inclusion (include_path='.:/usr/share/php') in /vagrant/src/client/public/index.php on line 99
[26-Feb-2018 10:54:26 UTC] PHP Warning:  include_once(/vagrant/src/client/public): failed to open stream: No such file or directory in /vagrant/src/client/public/index.php on line 99
[26-Feb-2018 10:54:26 UTC] PHP Warning:  include_once(): Failed opening '' for inclusion (include_path='.:/usr/share/php') in /vagrant/src/client/public/index.php on line 99
[26-Feb-2018 10:54:26 UTC] PHP Warning:  include_once(/vagrant/src/client/public): failed to open stream: No such file or directory in /vagrant/src/client/public/index.php on line 99
[26-Feb-2018 10:54:26 UTC] PHP Warning:  include_once(/vagrant/src/client/public): failed to open stream: No such file or directory in /vagrant/src/client/public/index.php on line 99
[26-Feb-2018 10:54:26 UTC] PHP Warning:  include_once(): Failed opening '' for inclusion (include_path='.:/usr/share/php') in /vagrant/src/client/public/index.php on line 99
[26-Feb-2018 10:54:26 UTC] PHP Warning:  include_once(): Failed opening '' for inclusion (include_path='.:/usr/share/php') in /vagrant/src/client/public/index.php on line 99
[26-Feb-2018 10:54:26 UTC] PHP Warning:  include_once(/vagrant/src/client/public): failed to open stream: No such file or directory in /vagrant/src/client/public/index.php on line 99
[26-Feb-2018 10:54:26 UTC] PHP Warning:  include_once(): Failed opening '' for inclusion (include_path='.:/usr/share/php') in /vagrant/src/client/public/index.php on line 99
[26-Feb-2018 10:54:26 UTC] PHP Warning:  include_once(/vagrant/src/client/public): failed to open stream: No such file or directory in /vagrant/src/client/public/index.php on line 99
[26-Feb-2018 10:54:26 UTC] PHP Warning:  include_once(): Failed opening '' for inclusion (include_path='.:/usr/share/php') in /vagrant/src/client/public/index.php on line 99
[26-Feb-2018 10:54:26 UTC] PHP Warning:  include_once(/vagrant/src/client/public): failed to open stream: No such file or directory in /vagrant/src/client/public/index.php on line 99
[26-Feb-2018 10:54:26 UTC] PHP Warning:  include_once(): Failed opening '' for inclusion (include_path='.:/usr/share/php') in /vagrant/src/client/public/index.php on line 99
[26-Feb-2018 10:54:26 UTC] PHP Warning:  include_once(/vagrant/src/client/public): failed to open stream: No such file or directory in /vagrant/src/client/public/index.php on line 99
[26-Feb-2018 10:54:26 UTC] PHP Warning:  include_once(): Failed opening '' for inclusion (include_path='.:/usr/share/php') in /vagrant/src/client/public/index.php on line 99
[26-Feb-2018 10:54:26 UTC] PHP Warning:  include_once(/vagrant/src/client/public): failed to open stream: No such file or directory in /vagrant/src/client/public/index.php on line 99
[26-Feb-2018 10:54:26 UTC] PHP Warning:  include_once(/vagrant/src/client/public): failed to open stream: No such file or directory in /vagrant/src/client/public/index.php on line 99
[26-Feb-2018 10:54:26 UTC] PHP Warning:  include_once(): Failed opening '' for inclusion (include_path='.:/usr/share/php') in /vagrant/src/client/public/index.php on line 99
[26-Feb-2018 10:54:26 UTC] PHP Warning:  include_once(): Failed opening '' for inclusion (include_path='.:/usr/share/php') in /vagrant/src/client/public/index.php on line 99
[26-Feb-2018 10:54:26 UTC] PHP Warning:  include_once(/vagrant/src/client/public): failed to open stream: No such file or directory in /vagrant/src/client/public/index.php on line 99
[26-Feb-2018 10:54:27 UTC] PHP Warning:  include_once(): Failed opening '' for inclusion (include_path='.:/usr/share/php') in /vagrant/src/client/public/index.php on line 99
[26-Feb-2018 10:54:27 UTC] PHP Warning:  include_once(/vagrant/src/client/public): failed to open stream: No such file or directory in /vagrant/src/client/public/index.php on line 99
[26-Feb-2018 10:54:27 UTC] PHP Warning:  include_once(): Failed opening '' for inclusion (include_path='.:/usr/share/php') in /vagrant/src/client/public/index.php on line 99
[26-Feb-2018 10:54:27 UTC] PHP Warning:  include_once(/vagrant/src/client/public): failed to open stream: No such file or directory in /vagrant/src/client/public/index.php on line 99
[26-Feb-2018 10:54:27 UTC] PHP Warning:  include_once(): Failed opening '' for inclusion (include_path='.:/usr/share/php') in /vagrant/src/client/public/index.php on line 99
[26-Feb-2018 10:54:27 UTC] PHP Warning:  include_once(/vagrant/src/client/public): failed to open stream: No such file or directory in /vagrant/src/client/public/index.php on line 99
[26-Feb-2018 10:54:27 UTC] PHP Warning:  include_once(): Failed opening '' for inclusion (include_path='.:/usr/share/php') in /vagrant/src/client/public/index.php on line 99
[26-Feb-2018 10:54:27 UTC] PHP Warning:  include_once(/vagrant/src/client/public): failed to open stream: No such file or directory in /vagrant/src/client/public/index.php on line 99
[26-Feb-2018 10:54:27 UTC] PHP Warning:  include_once(): Failed opening '' for inclusion (include_path='.:/usr/share/php') in /vagrant/src/client/public/index.php on line 99
[26-Feb-2018 10:54:27 UTC] PHP Warning:  include_once(/vagrant/src/client/public): failed to open stream: No such file or directory in /vagrant/src/client/public/index.php on line 99
[26-Feb-2018 10:54:27 UTC] PHP Warning:  include_once(): Failed opening '' for inclusion (include_path='.:/usr/share/php') in /vagrant/src/client/public/index.php on line 99
[26-Feb-2018 10:54:27 UTC] PHP Warning:  include_once(/vagrant/src/client/public): failed to open stream: No such file or directory in /vagrant/src/client/public/index.php on line 99
[26-Feb-2018 10:54:27 UTC] PHP Warning:  include_once(): Failed opening '' for inclusion (include_path='.:/usr/share/php') in /vagrant/src/client/public/index.php on line 99
[26-Feb-2018 10:54:27 UTC] PHP Warning:  include_once(/vagrant/src/client/public): failed to open stream: No such file or directory in /vagrant/src/client/public/index.php on line 99
[26-Feb-2018 10:54:27 UTC] PHP Warning:  include_once(): Failed opening '' for inclusion (include_path='.:/usr/share/php') in /vagrant/src/client/public/index.php on line 99
[26-Feb-2018 10:54:27 UTC] PHP Warning:  include_once(/vagrant/src/client/public): failed to open stream: No such file or directory in /vagrant/src/client/public/index.php on line 99
[26-Feb-2018 10:54:27 UTC] PHP Warning:  include_once(): Failed opening '' for inclusion (include_path='.:/usr/share/php') in /vagrant/src/client/public/index.php on line 99
[26-Feb-2018 10:54:27 UTC] PHP Warning:  include_once(/vagrant/src/client/public): failed to open stream: No such file or directory in /vagrant/src/client/public/index.php on line 99
[26-Feb-2018 10:54:27 UTC] PHP Warning:  include_once(): Failed opening '' for inclusion (include_path='.:/usr/share/php') in /vagrant/src/client/public/index.php on line 99
[26-Feb-2018 10:54:27 UTC] PHP Warning:  include_once(/vagrant/src/client/public): failed to open stream: No such file or directory in /vagrant/src/client/public/index.php on line 99
[26-Feb-2018 10:54:27 UTC] PHP Warning:  include_once(): Failed opening '' for inclusion (include_path='.:/usr/share/php') in /vagrant/src/client/public/index.php on line 99
[26-Feb-2018 10:54:27 UTC] PHP Warning:  include_once(/vagrant/src/client/public): failed to open stream: No such file or directory in /vagrant/src/client/public/index.php on line 99
[26-Feb-2018 10:54:27 UTC] PHP Warning:  include_once(): Failed opening '' for inclusion (include_path='.:/usr/share/php') in /vagrant/src/client/public/index.php on line 99
[26-Feb-2018 10:54:27 UTC] PHP Warning:  include_once(/vagrant/src/client/public): failed to open stream: No such file or directory in /vagrant/src/client/public/index.php on line 99
[26-Feb-2018 10:54:27 UTC] PHP Warning:  include_once(): Failed opening '' for inclusion (include_path='.:/usr/share/php') in /vagrant/src/client/public/index.php on line 99
[26-Feb-2018 10:54:27 UTC] PHP Warning:  include_once(/vagrant/src/client/public): failed to open stream: No such file or directory in /vagrant/src/client/public/index.php on line 99
[26-Feb-2018 10:54:27 UTC] PHP Warning:  include_once(): Failed opening '' for inclusion (include_path='.:/usr/share/php') in /vagrant/src/client/public/index.php on line 99
[26-Feb-2018 10:54:27 UTC] PHP Warning:  include_once(/vagrant/src/client/public): failed to open stream: No such file or directory in /vagrant/src/client/public/index.php on line 99
[26-Feb-2018 10:54:27 UTC] PHP Warning:  include_once(): Failed opening '' for inclusion (include_path='.:/usr/share/php') in /vagrant/src/client/public/index.php on line 99
[26-Feb-2018 10:54:27 UTC] PHP Warning:  include_once(/vagrant/src/client/public): failed to open stream: No such file or directory in /vagrant/src/client/public/index.php on line 99
[26-Feb-2018 10:54:27 UTC] PHP Warning:  include_once(): Failed opening '' for inclusion (include_path='.:/usr/share/php') in /vagrant/src/client/public/index.php on line 99
[26-Feb-2018 10:54:27 UTC] PHP Warning:  include_once(/vagrant/src/client/public): failed to open stream: No such file or directory in /vagrant/src/client/public/index.php on line 99
[26-Feb-2018 10:54:27 UTC] PHP Warning:  include_once(): Failed opening '' for inclusion (include_path='.:/usr/share/php') in /vagrant/src/client/public/index.php on line 99
[26-Feb-2018 10:54:27 UTC] PHP Warning:  include_once(/vagrant/src/client/public): failed to open stream: No such file or directory in /vagrant/src/client/public/index.php on line 99
[26-Feb-2018 10:54:27 UTC] PHP Warning:  include_once(): Failed opening '' for inclusion (include_path='.:/usr/share/php') in /vagrant/src/client/public/index.php on line 99
[26-Feb-2018 10:54:27 UTC] PHP Warning:  include_once(/vagrant/src/client/public): failed to open stream: No such file or directory in /vagrant/src/client/public/index.php on line 99
[26-Feb-2018 10:54:27 UTC] PHP Warning:  include_once(): Failed opening '' for inclusion (include_path='.:/usr/share/php') in /vagrant/src/client/public/index.php on line 99
[26-Feb-2018 10:54:27 UTC] PHP Warning:  include_once(/vagrant/src/client/public): failed to open stream: No such file or directory in /vagrant/src/client/public/index.php on line 99
[26-Feb-2018 10:54:27 UTC] PHP Warning:  include_once(): Failed opening '' for inclusion (include_path='.:/usr/share/php') in /vagrant/src/client/public/index.php on line 99
[26-Feb-2018 10:54:27 UTC] PHP Warning:  include_once(/vagrant/src/client/public): failed to open stream: No such file or directory in /vagrant/src/client/public/index.php on line 99
[26-Feb-2018 10:54:27 UTC] PHP Warning:  include_once(): Failed opening '' for inclusion (include_path='.:/usr/share/php') in /vagrant/src/client/public/index.php on line 99
[26-Feb-2018 10:54:27 UTC] PHP Warning:  include_once(/vagrant/src/client/public): failed to open stream: No such file or directory in /vagrant/src/client/public/index.php on line 99
[26-Feb-2018 10:54:27 UTC] PHP Warning:  include_once(): Failed opening '' for inclusion (include_path='.:/usr/share/php') in /vagrant/src/client/public/index.php on line 99
[26-Feb-2018 10:54:27 UTC] PHP Warning:  include_once(/vagrant/src/client/public): failed to open stream: No such file or directory in /vagrant/src/client/public/index.php on line 99
[26-Feb-2018 10:54:27 UTC] PHP Warning:  include_once(): Failed opening '' for inclusion (include_path='.:/usr/share/php') in /vagrant/src/client/public/index.php on line 99
[26-Feb-2018 10:54:28 UTC] PHP Warning:  include_once(/vagrant/src/client/public): failed to open stream: No such file or directory in /vagrant/src/client/public/index.php on line 99
[26-Feb-2018 10:54:28 UTC] PHP Warning:  include_once(): Failed opening '' for inclusion (include_path='.:/usr/share/php') in /vagrant/src/client/public/index.php on line 99
[26-Feb-2018 10:54:28 UTC] PHP Warning:  include_once(/vagrant/src/client/public): failed to open stream: No such file or directory in /vagrant/src/client/public/index.php on line 99
[26-Feb-2018 10:54:28 UTC] PHP Warning:  include_once(): Failed opening '' for inclusion (include_path='.:/usr/share/php') in /vagrant/src/client/public/index.php on line 99
[26-Feb-2018 10:54:28 UTC] PHP Warning:  include_once(/vagrant/src/client/public): failed to open stream: No such file or directory in /vagrant/src/client/public/index.php on line 99
[26-Feb-2018 10:54:28 UTC] PHP Warning:  include_once(): Failed opening '' for inclusion (include_path='.:/usr/share/php') in /vagrant/src/client/public/index.php on line 99
[26-Feb-2018 10:54:28 UTC] PHP Warning:  include_once(/vagrant/src/client/public): failed to open stream: No such file or directory in /vagrant/src/client/public/index.php on line 99
[26-Feb-2018 10:54:28 UTC] PHP Warning:  include_once(): Failed opening '' for inclusion (include_path='.:/usr/share/php') in /vagrant/src/client/public/index.php on line 99
[26-Feb-2018 10:54:28 UTC] PHP Warning:  include_once(/vagrant/src/client/public): failed to open stream: No such file or directory in /vagrant/src/client/public/index.php on line 99
[26-Feb-2018 10:54:28 UTC] PHP Warning:  include_once(): Failed opening '' for inclusion (include_path='.:/usr/share/php') in /vagrant/src/client/public/index.php on line 99
[26-Feb-2018 10:54:28 UTC] PHP Warning:  include_once(/vagrant/src/client/public): failed to open stream: No such file or directory in /vagrant/src/client/public/index.php on line 99
[26-Feb-2018 10:54:28 UTC] PHP Warning:  include_once(): Failed opening '' for inclusion (include_path='.:/usr/share/php') in /vagrant/src/client/public/index.php on line 99
[26-Feb-2018 10:54:28 UTC] PHP Warning:  include_once(/vagrant/src/client/public): failed to open stream: No such file or directory in /vagrant/src/client/public/index.php on line 99
[26-Feb-2018 10:54:28 UTC] PHP Warning:  include_once(): Failed opening '' for inclusion (include_path='.:/usr/share/php') in /vagrant/src/client/public/index.php on line 99
[26-Feb-2018 10:54:28 UTC] PHP Warning:  include_once(/vagrant/src/client/public): failed to open stream: No such file or directory in /vagrant/src/client/public/index.php on line 99
[26-Feb-2018 10:54:28 UTC] PHP Warning:  include_once(): Failed opening '' for inclusion (include_path='.:/usr/share/php') in /vagrant/src/client/public/index.php on line 99
[26-Feb-2018 10:54:28 UTC] PHP Warning:  include_once(/vagrant/src/client/public): failed to open stream: No such file or directory in /vagrant/src/client/public/index.php on line 99
[26-Feb-2018 10:54:28 UTC] PHP Warning:  include_once(): Failed opening '' for inclusion (include_path='.:/usr/share/php') in /vagrant/src/client/public/index.php on line 99
[26-Feb-2018 10:54:28 UTC] PHP Warning:  include_once(/vagrant/src/client/public): failed to open stream: No such file or directory in /vagrant/src/client/public/index.php on line 99
[26-Feb-2018 10:54:28 UTC] PHP Warning:  include_once(): Failed opening '' for inclusion (include_path='.:/usr/share/php') in /vagrant/src/client/public/index.php on line 99
[26-Feb-2018 10:54:28 UTC] PHP Warning:  include_once(/vagrant/src/client/public): failed to open stream: No such file or directory in /vagrant/src/client/public/index.php on line 99
[26-Feb-2018 10:54:28 UTC] PHP Warning:  include_once(): Failed opening '' for inclusion (include_path='.:/usr/share/php') in /vagrant/src/client/public/index.php on line 99
[26-Feb-2018 10:54:28 UTC] PHP Warning:  include_once(/vagrant/src/client/public): failed to open stream: No such file or directory in /vagrant/src/client/public/index.php on line 99
[26-Feb-2018 10:54:28 UTC] PHP Warning:  include_once(): Failed opening '' for inclusion (include_path='.:/usr/share/php') in /vagrant/src/client/public/index.php on line 99
[26-Feb-2018 10:54:28 UTC] PHP Warning:  include_once(/vagrant/src/client/public): failed to open stream: No such file or directory in /vagrant/src/client/public/index.php on line 99
[26-Feb-2018 10:54:28 UTC] PHP Warning:  include_once(): Failed opening '' for inclusion (include_path='.:/usr/share/php') in /vagrant/src/client/public/index.php on line 99
[26-Feb-2018 11:19:51 UTC] PHP Warning:  include_once(/vagrant/src/client/public): failed to open stream: No such file or directory in /vagrant/src/client/public/index.php on line 99
[26-Feb-2018 11:19:51 UTC] PHP Warning:  include_once(): Failed opening '' for inclusion (include_path='.:/usr/share/php') in /vagrant/src/client/public/index.php on line 99
[26-Feb-2018 11:20:06 UTC] PHP Warning:  include_once(/vagrant/src/client/public): failed to open stream: No such file or directory in /vagrant/src/client/public/index.php on line 99
[26-Feb-2018 11:20:06 UTC] PHP Warning:  include_once(): Failed opening '' for inclusion (include_path='.:/usr/share/php') in /vagrant/src/client/public/index.php on line 99
[26-Feb-2018 11:20:15 UTC] PHP Warning:  include_once(/vagrant/src/client/public): failed to open stream: No such file or directory in /vagrant/src/client/public/index.php on line 99
[26-Feb-2018 11:20:15 UTC] PHP Warning:  include_once(): Failed opening '' for inclusion (include_path='.:/usr/share/php') in /vagrant/src/client/public/index.php on line 99
[26-Feb-2018 11:20:22 UTC] PHP Warning:  include_once(/vagrant/src/client/public): failed to open stream: No such file or directory in /vagrant/src/client/public/index.php on line 99
[26-Feb-2018 11:20:22 UTC] PHP Warning:  include_once(): Failed opening '' for inclusion (include_path='.:/usr/share/php') in /vagrant/src/client/public/index.php on line 99
[26-Feb-2018 11:20:30 UTC] PHP Warning:  include_once(/vagrant/src/client/public): failed to open stream: No such file or directory in /vagrant/src/client/public/index.php on line 99
[26-Feb-2018 11:20:30 UTC] PHP Warning:  include_once(): Failed opening '' for inclusion (include_path='.:/usr/share/php') in /vagrant/src/client/public/index.php on line 99
[26-Feb-2018 11:20:53 UTC] PHP Warning:  include_once(/vagrant/src/client/public): failed to open stream: No such file or directory in /vagrant/src/client/public/index.php on line 99
[26-Feb-2018 11:20:53 UTC] PHP Warning:  include_once(): Failed opening '' for inclusion (include_path='.:/usr/share/php') in /vagrant/src/client/public/index.php on line 99
[26-Feb-2018 11:21:15 UTC] PHP Warning:  include_once(/vagrant/src/client/public): failed to open stream: No such file or directory in /vagrant/src/client/public/index.php on line 99
[26-Feb-2018 11:21:15 UTC] PHP Warning:  include_once(): Failed opening '' for inclusion (include_path='.:/usr/share/php') in /vagrant/src/client/public/index.php on line 99
[26-Feb-2018 11:38:11 UTC] PHP Warning:  include_once(/vagrant/src/client/public): failed to open stream: Operation now in progress in /vagrant/src/client/public/index.php on line 99
[26-Feb-2018 11:38:11 UTC] PHP Warning:  include_once(): Failed opening '' for inclusion (include_path='.:/usr/share/php') in /vagrant/src/client/public/index.php on line 99
[26-Feb-2018 11:45:24 UTC] PHP Warning:  include_once(/vagrant/src/client/public): failed to open stream: Operation now in progress in /vagrant/src/client/public/index.php on line 99
[26-Feb-2018 11:45:24 UTC] PHP Warning:  include_once(): Failed opening '' for inclusion (include_path='.:/usr/share/php') in /vagrant/src/client/public/index.php on line 99
[26-Feb-2018 11:45:32 UTC] PHP Warning:  include_once(/vagrant/src/client/public): failed to open stream: Operation now in progress in /vagrant/src/client/public/index.php on line 99
[26-Feb-2018 11:45:32 UTC] PHP Warning:  include_once(): Failed opening '' for inclusion (include_path='.:/usr/share/php') in /vagrant/src/client/public/index.php on line 99
[26-Feb-2018 11:59:35 UTC] PHP Warning:  include_once(/vagrant/src/client/public): failed to open stream: Operation now in progress in /vagrant/src/client/public/index.php on line 99
[26-Feb-2018 11:59:35 UTC] PHP Warning:  include_once(): Failed opening '' for inclusion (include_path='.:/usr/share/php') in /vagrant/src/client/public/index.php on line 99
[26-Feb-2018 12:50:13 UTC] PHP Warning:  include_once(/vagrant/src/client/public): failed to open stream: No such file or directory in /vagrant/src/client/public/index.php on line 99
[26-Feb-2018 12:50:13 UTC] PHP Warning:  include_once(): Failed opening '' for inclusion (include_path='.:/usr/share/php') in /vagrant/src/client/public/index.php on line 99
[26-Feb-2018 12:59:18 UTC] PHP Warning:  include_once(/vagrant/src/client/public): failed to open stream: No such file or directory in /vagrant/src/client/public/index.php on line 99
[26-Feb-2018 12:59:18 UTC] PHP Warning:  include_once(): Failed opening '' for inclusion (include_path='.:/usr/share/php') in /vagrant/src/client/public/index.php on line 99
[27-Feb-2018 06:28:04 UTC] PHP Warning:  include_once(/vagrant/src/client/public): failed to open stream: No such file or directory in /vagrant/src/client/public/index.php on line 99
[27-Feb-2018 06:28:04 UTC] PHP Warning:  include_once(): Failed opening '' for inclusion (include_path='.:/usr/share/php') in /vagrant/src/client/public/index.php on line 99
[01-Mar-2018 06:25:05 UTC] PHP Warning:  include_once(/vagrant/src/client/public): failed to open stream: No such file or directory in /vagrant/src/client/public/index.php on line 99
[01-Mar-2018 06:25:05 UTC] PHP Warning:  include_once(): Failed opening '' for inclusion (include_path='.:/usr/share/php') in /vagrant/src/client/public/index.php on line 99
[01-Mar-2018 06:25:05 UTC] PHP Warning:  include_once(/vagrant/src/client/public): failed to open stream: No such file or directory in /vagrant/src/client/public/index.php on line 99
[01-Mar-2018 06:25:05 UTC] PHP Warning:  include_once(): Failed opening '' for inclusion (include_path='.:/usr/share/php') in /vagrant/src/client/public/index.php on line 99
